d:\vsfile\learn.c\learnc\debug\vc141.pdb
d:\vsfile\learn.c\learnc\debug\vc141.idb
d:\vsfile\learn.c\learnc\debug\stringandformattingio.obj
d:\vsfile\learn.c\learnc\debug\operator.obj
d:\vsfile\learn.c\learnc\debug\loopstatement.obj
d:\vsfile\learn.c\learnc\debug\dataandc.obj
d:\vsfile\learn.c\learnc\debug\c_summarize.obj
d:\vsfile\learn.c\learnc\debug\charioandioconfirm.obj
d:\vsfile\learn.c\learnc\debug\branchandjump.obj
d:\vsfile\learn.c\learnc\debug\function.obj
d:\vsfile\learn.c\debug\learnc.exe
d:\vsfile\learn.c\debug\learnc.ilk
d:\vsfile\learn.c\debug\learnc.pdb
d:\vsfile\learn.c\learnc\debug\charioandioconfirm.obj.enc
d:\vsfile\learn.c\learnc\debug\learnc.tlog\cl.command.1.tlog
d:\vsfile\learn.c\learnc\debug\learnc.tlog\cl.read.1.tlog
d:\vsfile\learn.c\learnc\debug\learnc.tlog\cl.write.1.tlog
d:\vsfile\learn.c\learnc\debug\learnc.tlog\link.command.1.tlog
d:\vsfile\learn.c\learnc\debug\learnc.tlog\link.read.1.tlog
d:\vsfile\learn.c\learnc\debug\learnc.tlog\link.write.1.tlog
